Solid Edge in 3MF konvertieren
Datum: Saturday,August 26,2023 05:26AM
Ausgabedatei: C:\Users\thelp\Desktop\Schule\CPE Projekt\RC-Car\Electronics\LattePanda_3_Delta\LatteCase\bottom.3mf
Autor: Unknown
Organisation: Unknown
Ausgangssystem: SOLID EDGE

Hardware:
Prozessor: Intel(R) Core(TM) i7-10875H CPU @ 2.30GHz
Betriebssystem: Windows 10 Professional
Installierter Speicher: 31.90 GB

Software-Informationen:
Parasolid-Version: 35.0.149
PSBodyshop-Version: 35.0.82
3MF-Adapterversion:11.0.82
Solid Edge-Version: 223.00.00.101 x64

3MF-Exportoptionen
Konstruktionsvolumen exportieren: Aus
Angezeigte Teile exportieren: Aus
Protokollierung aktivieren:Ein
AllowInvalid3mfObjects:Aus
Reduzierte Baugruppe exportieren:On
Einheiten exportieren:Millimeters
Toleranzwert exportieren:0.001000
Toleranztyp exportieren:Custom
Flächenplanwinkelwert exportieren:0.017453
Autor exportieren:Unknown
Beschreibung exportieren:Unknown
Organisation exportieren:Unknown
Programmname exportieren:Unknown

Konvertierungsfortschritt:
Phase 1 von 1 - Parasolid in Fremddatentypen konvertieren...
Konvertierungsvorgang ist abgeschlossen
Zum Konvertieren benötigte Zeit:00 : 00 : 00
