Solid Edge in STEP konvertieren
Datum: Freitag,Dezember 16,2022 08:56vorm.
Ausgabedatei: C:\Users\thelp\Desktop\Schule\CPE Projekt\RC-Car\Electronics\LattePanda_3_Delta\LatteCase\Latte Case.stp
Autor: Unknown
Organisation: Unknown
Ausgangssystem: Solid Edge

Hardware:
Prozessor: Intel(R) Core(TM) i7-10875H CPU @ 2.30GHz
Betriebssystem: Windows 10
Installierter Speicher: 31.90 GB

Software-Informationen
Parasolid-Version: 32.1.222
PSBodyShop-Version: 32.1.94
Step-Adapterversion: 5.0.107
Solid Edge-Version: 221.00.00.114 x64

STEP-Exportoptionen
Exportformat: AP214
Konstruktionsbleche exportieren: Aus
Konstruktionsvolumen exportieren: Aus
Konstruktionsdrähte exportieren: Aus
Nur angezeigte Teile exportieren: Aus
Einheiten: Millimeters
Namen von Teilkomponenten exportieren als Unicode: Aus
PMI exportieren: Aus

Phase 1 von 1 - Parasolid in Fremddatentypen konvertieren...
Konvertierungsvorgang ist abgeschlossen
Zum Übersetzen benötigte Zeit:00 : 00 : 28
