STL translation to Solid Edge
Datum: Montag,April 19,2021 03:14PM
Quelldatei:G:\Schule\CPE\2. Klasse\Projekt\RC-Car\Electronics\RaspberryPI_Shield\Leiterplatte v3.stl
Autor: Unbekannt
Organisation: Unbekannt
Ausgangssystem: DEX

Hardware:
Prozessor: AMD Ryzen 7 3700X 8-Core Processor             
Betriebssystem: Windows 10 Professional
Installierter Speicher: 31,91 GB

Software-Informationen:
Parasolid-Version: 32.1.222
PSBodyshop-Version: 32.1.94
Solid Edge-Version: 221.00.03.003 x64

STL Import Options
Vernetzungsfehler reparieren:Aus
Basisformelement erstellen:Ein
Protokollierung aktivieren:Ein

Konvertierungsfortschritt:
Konvertierungsvorgang ist abgeschlossen
Zum Konvertieren benötigte Zeit:00 : 00 : 52
