Solid Edge in 3MF konvertieren
Datum: Montag,Oktober 25,2021 05:54
Ausgabedatei: C:\Users\phili\OneDrive\Dokumente\GitHub\RC-Car\Exportierte Dateien\Chassis\Mounting\LipoMount.3mf
Autor: Unknown
Organisation: Unknown
Ausgangssystem: SOLID EDGE

Hardware:
Prozessor: Intel(R) Core(TM) i7-8750H CPU @ 2.20GHz
Betriebssystem: Windows 10
Installierter Speicher: 7.87 GB

Software-Informationen:
Parasolid-Version: 32.1.222
PSBodyshop-Version: 32.1.94
3MF-Adapterversion:5.0.48
Solid Edge-Version: 221.00.03.003 x64

3MF-Exportoptionen
Konstruktionsvolumen exportieren: Aus
Angezeigte Teile exportieren: Aus
Protokollierung aktivieren:Ein
AllowInvalid3mfObjects:Aus
Reduzierte Baugruppe exportieren:On
Einheiten exportieren:Millimeters
Toleranzwert exportieren:1.250000
Toleranztyp exportieren:Custom
Flächenplanwinkelwert exportieren:0.523599
Autor exportieren:Unknown
Beschreibung exportieren:Unknown
Organisation exportieren:Unknown
Programmname exportieren:Unknown

Konvertierungsfortschritt:
Phase 1 von 1 - Parasolid in Fremddatentypen konvertieren...
Konvertierungsvorgang ist abgeschlossen
Zum Konvertieren benötigte Zeit:00 : 00 : 01
