Solid Edge in STL konvertieren
Datum: Donnerstag,April 25,2024 10:37vorm.
Quelldatei:C:\Users\thelp\Desktop\Schule\CPE Projekt\RC-Car\Chassis\Mounting\Button_IMU_Mount\Button_IMU_Mount_1.par
Ausgangssystem: SOLID EDGE

Hardware:
Prozessor: Intel(R) Core(TM) i7-10875H CPU @ 2.30GHz
Betriebssystem: Windows 10 Professional
Installierter Speicher: 31,90 GB

Software-Informationen:
Parasolid-Version: 35.0.149
PSBodyshop-Version: 35.0.82
Solid Edge-Version: 223.00.00.101 x64

STL-Exportoptionen:
Ausgabedateiformat:BINARY
Angezeigte Teile exportieren: Aus
Strukturoption: Monolithic
Einheiten exportieren:Millimeter
Toleranzwert exportieren:0,001000
Toleranztyp exportieren:Custom
Flächenplanwinkelwert exportieren:0,017453

Konvertierungsfortschritt:
Phase 1 von 2 - Abrufen der Parasolid-Informationen...
Anzahl erstellter STL-Dateien : 1
Konvertierungsvorgang ist abgeschlossen
Zum Konvertieren benötigte Zeit:00 : 00 : 00
