Solid Edge in STEP konvertieren
Datum: Sonntag,Mai 12,2024 10:08nachm.
Ausgabedatei: F:\Schule\CPE\2. Klasse\Projekt\RC-Car\Exportierte Dateien\Body\Kotflügel\Extreme_Kotflügel_richtig_ausschnitt.stp
Autor: Unknown
Organisation: Unknown
Ausgangssystem: Solid Edge

Hardware:
Prozessor: AMD Ryzen 7 3700X 8-Core Processor             
Betriebssystem: Windows 11 Professional Version:24H2 Build:26063 System Type:64-bit
Installierter Speicher: 31.91 GB

Software-Informationen
Parasolid-Version: 35.0.239
PSBodyShop-Version: 35.0.102
Step-Adapterversion: 11.0.162
Solid Edge-Version: 223.00.09.004 x64

STEP-Exportoptionen
Exportformat: AP214
Konstruktionsbleche exportieren: Aus
Konstruktionsvolumen exportieren: Aus
Konstruktionsdrähte exportieren: Aus
Nur angezeigte Teile exportieren: Aus
Einheiten: Millimeters
Namen von Teilkomponenten exportieren als Unicode: Aus
PMI exportieren: Aus

Phase 1 von 1 - Parasolid in Fremddatentypen konvertieren...
Konvertierungsvorgang ist abgeschlossen
Zum Übersetzen benötigte Zeit:00 : 00 : 01
