STEP in Solid Edge konvertieren
Datum: Dienstag,Jänner 04,2022 10:01nachm.
Quelldatei: F:\Schule\CPE\2. Klasse\Projekt\RC-Car\Electronics\ESC\FSESC75200\fsesc75200-1.snapshot.6\FSESC75200 v7.step
Autor: Unbekannt
Organisation: Unbekannt
Ausgangssystem: Autodesk Translation Framework v9.7.1.1290

Hardware:
Prozessor: AMD Ryzen 7 3700X 8-Core Processor             
Betriebssystem: Windows 10 Professional
Installierter Speicher: 31.91 GB

Software-Informationen
Parasolid-Version: 32.1.222
PSBodyShop-Version: 32.1.94
Step-Adapterversion: 5.0.107
Solid Edge-Version: 221.00.03.003 x64

Step-Importoptionen
Facettierte Körper importieren: Ein
Prüfkörper importieren: Aus
Kurven importieren: Ein
DoNotSave importieren: Ein
Mehrere Körper als Einzelteildatei importieren: Ein
Flächenvernähung importieren: Ein
Boolesche Körper importieren: Ein
Basisformelement erstellen: Ein
Geometrie vereinfachen: Ein
Druckkurven importieren: Ein
Führung importieren: C:
Flächenvernähung importieren: Ein
Flächen importieren: Ein
Ausgabepfad importieren: F:\Schule\CPE\2. Klasse\Projekt\RC-Car\Electronics\ESC\FSESC75200\fsesc75200-1.snapshot.6
Aktivieren des standardmäßigen Ausgabepfads importieren: Ein
PMI importieren: Aus
Als interne Komponenten importieren: Aus
Pfad importieren: 

Übersetzen in Parasolid-Datentypen...
Konvertierungsvorgang ist abgeschlossen
Zur Übersetzung und Nachbearbeitung erforderte Gesamtzeit:00 : 00 : 00
