Solid Edge in 3MF konvertieren
Datum: Mittwoch,Jänner 04,2023 08:54nachm.
Ausgabedatei: F:\Schule\CPE\2. Klasse\Projekt\RC-Car\Exportierte Dateien\Body\Bodymount_hinten.3mf
Autor: Unknown
Organisation: Unknown
Ausgangssystem: SOLID EDGE

Hardware:
Prozessor: AMD Ryzen 7 3700X 8-Core Processor             
Betriebssystem: Windows 10 Professional
Installierter Speicher: 31.91 GB

Software-Informationen:
Parasolid-Version: 32.1.222
PSBodyshop-Version: 32.1.94
3MF-Adapterversion:5.0.48
Solid Edge-Version: 221.00.03.003 x64

3MF-Exportoptionen
Konstruktionsvolumen exportieren: Aus
Angezeigte Teile exportieren: Aus
Protokollierung aktivieren:Ein
AllowInvalid3mfObjects:Aus
Reduzierte Baugruppe exportieren:On
Einheiten exportieren:Millimeters
Toleranzwert exportieren:0.001000
Toleranztyp exportieren:Custom
Flächenplanwinkelwert exportieren:0.017453
Autor exportieren:Unknown
Beschreibung exportieren:Unknown
Organisation exportieren:Unknown
Programmname exportieren:Unknown

Konvertierungsfortschritt:
Phase 1 von 1 - Parasolid in Fremddatentypen konvertieren...
Fehler!Failed to tessellate a face of a Parasolid body in node Bodymount_hinten using prescribed values of tessellation parameters
Fehler!Failed to tessellate a face of a Parasolid body in node Bodymount_hinten using prescribed values of tessellation parameters
Fehler!Failed to tessellate a face of a Parasolid body in node Bodymount_hinten using prescribed values of tessellation parameters
Fehler!Failed to tessellate a face of a Parasolid body in node Bodymount_hinten using prescribed values of tessellation parameters
Fehler!Rejecting an invalid 3MF mesh object produced by tessellating Parasolid body in node Bodymount_hinten
Fehler!Build item is not created in 3MF.The 3MF file without build items is invalid and not usable for 3D printing workflow. 3MF file not written on disk.
Fehler!Fehler!
