STEP in Solid Edge konvertieren
Datum: Donnerstag,Dezember 16,2021 03:52PM
Quelldatei: D:\Schule\CPE\2. Klasse\Projekt\RC-Car\Electronics\Ultrasonic Sensor\jst-xhp-2-housing-1.snapshot.1\JST XHP-2 Housing.step
Autor: julius.neudecker
Organisation: Unbekannt
Ausgangssystem: Autodesk Translation Framework v7.6.0.251

Hardware:
Prozessor: AMD Ryzen 7 5800H with Radeon Graphics         
Betriebssystem: Windows 10 Professional
Installierter Speicher: 15.85 GB

Software-Informationen
Parasolid-Version: 32.1.222
PSBodyShop-Version: 32.1.94
Step-Adapterversion: 5.0.107
Solid Edge-Version: 221.00.03.003 x64

Step-Importoptionen
Facettierte Körper importieren: Ein
Prüfkörper importieren: Aus
Kurven importieren: Ein
DoNotSave importieren: Ein
Mehrere Körper als Einzelteildatei importieren: Ein
Flächenvernähung importieren: Ein
Boolesche Körper importieren: Ein
Basisformelement erstellen: Ein
Geometrie vereinfachen: Ein
Druckkurven importieren: Ein
Führung importieren: C:
Flächenvernähung importieren: Ein
Flächen importieren: Ein
Ausgabepfad importieren: D:\Schule\CPE\2. Klasse\Projekt\RC-Car\Electronics\Ultrasonic Sensor\jst-xhp-2-housing-1.snapshot.1
Aktivieren des standardmäßigen Ausgabepfads importieren: Ein
PMI importieren: Aus
Als interne Komponenten importieren: Aus
Pfad importieren: 

Übersetzen in Parasolid-Datentypen...
Konvertierungsvorgang ist abgeschlossen
Zur Übersetzung und Nachbearbeitung erforderte Gesamtzeit:00 : 00 : 01
