STEP in Solid Edge konvertieren
Datum: Montag,April 19,2021 03:33PM
Quelldatei: G:\Schule\CPE\2. Klasse\Projekt\RC-Car\Electronics\RaspberryPI_Shield\Arduino Nano\Arduino Nano R3 ATmega 328P.STEP
Autor: Unbekannt
Organisation: Unbekannt
Ausgangssystem: SolidWorks 2016

Hardware:
Prozessor: AMD Ryzen 7 3700X 8-Core Processor             
Betriebssystem: Windows 10 Professional
Installierter Speicher: 31.91 GB

Software-Informationen
Parasolid-Version: 32.1.222
PSBodyShop-Version: 32.1.94
Step-Adapterversion: 5.0.107
Solid Edge-Version: 221.00.03.003 x64

Step-Importoptionen
Facettierte Körper importieren: Ein
Prüfkörper importieren: Aus
Kurven importieren: Ein
DoNotSave importieren: Ein
Mehrere Körper als Einzelteildatei importieren: Ein
Flächenvernähung importieren: Ein
Boolesche Körper importieren: Ein
Basisformelement erstellen: Ein
Geometrie vereinfachen: Ein
Druckkurven importieren: Ein
Führung importieren: C:
Flächenvernähung importieren: Ein
Flächen importieren: Ein
Ausgabepfad importieren: G:\Schule\CPE\2. Klasse\Projekt\RC-Car\Electronics\RaspberryPI_Shield\Arduino Nano
Aktivieren des standardmäßigen Ausgabepfads importieren: Ein
PMI importieren: Aus
Als interne Komponenten importieren: Aus
Pfad importieren: 

Übersetzen in Parasolid-Datentypen...
+Baugruppe 1 beginnen
+SE Assembly-Datei G:\Schule\CPE\2. Klasse\Projekt\RC-Car\Electronics\RaspberryPI_Shield\Arduino Nano\Arduino Nano R3 ATmega 328P.asm wurde erstellt
|--+SE Part-Datei G:\Schule\CPE\2. Klasse\Projekt\RC-Car\Electronics\RaspberryPI_Shield\Arduino Nano\Arduino Uno PCB.par wurde erstellt
|--+SE Part-Datei G:\Schule\CPE\2. Klasse\Projekt\RC-Car\Electronics\RaspberryPI_Shield\Arduino Nano\Micro USB Port.par wurde erstellt
|--+SE Part-Datei G:\Schule\CPE\2. Klasse\Projekt\RC-Car\Electronics\RaspberryPI_Shield\Arduino Nano\headerMale.par wurde erstellt
|--+Datei G:\Schule\CPE\2. Klasse\Projekt\RC-Car\Electronics\RaspberryPI_Shield\Arduino Nano\headerMale.par wird wiederholt verwendet
|--+Datei G:\Schule\CPE\2. Klasse\Projekt\RC-Car\Electronics\RaspberryPI_Shield\Arduino Nano\headerMale.par wird wiederholt verwendet
|--+Datei G:\Schule\CPE\2. Klasse\Projekt\RC-Car\Electronics\RaspberryPI_Shield\Arduino Nano\headerMale.par wird wiederholt verwendet
|--+Datei G:\Schule\CPE\2. Klasse\Projekt\RC-Car\Electronics\RaspberryPI_Shield\Arduino Nano\headerMale.par wird wiederholt verwendet
|--+Datei G:\Schule\CPE\2. Klasse\Projekt\RC-Car\Electronics\RaspberryPI_Shield\Arduino Nano\headerMale.par wird wiederholt verwendet
|--+Datei G:\Schule\CPE\2. Klasse\Projekt\RC-Car\Electronics\RaspberryPI_Shield\Arduino Nano\headerMale.par wird wiederholt verwendet
|--+Datei G:\Schule\CPE\2. Klasse\Projekt\RC-Car\Electronics\RaspberryPI_Shield\Arduino Nano\headerMale.par wird wiederholt verwendet
|--+Datei G:\Schule\CPE\2. Klasse\Projekt\RC-Car\Electronics\RaspberryPI_Shield\Arduino Nano\headerMale.par wird wiederholt verwendet
|--+Datei G:\Schule\CPE\2. Klasse\Projekt\RC-Car\Electronics\RaspberryPI_Shield\Arduino Nano\headerMale.par wird wiederholt verwendet
|--+Datei G:\Schule\CPE\2. Klasse\Projekt\RC-Car\Electronics\RaspberryPI_Shield\Arduino Nano\headerMale.par wird wiederholt verwendet
|--+Datei G:\Schule\CPE\2. Klasse\Projekt\RC-Car\Electronics\RaspberryPI_Shield\Arduino Nano\headerMale.par wird wiederholt verwendet
|--+Datei G:\Schule\CPE\2. Klasse\Projekt\RC-Car\Electronics\RaspberryPI_Shield\Arduino Nano\headerMale.par wird wiederholt verwendet
|--+Datei G:\Schule\CPE\2. Klasse\Projekt\RC-Car\Electronics\RaspberryPI_Shield\Arduino Nano\headerMale.par wird wiederholt verwendet
|--+Datei G:\Schule\CPE\2. Klasse\Projekt\RC-Car\Electronics\RaspberryPI_Shield\Arduino Nano\headerMale.par wird wiederholt verwendet
|--+Datei G:\Schule\CPE\2. Klasse\Projekt\RC-Car\Electronics\RaspberryPI_Shield\Arduino Nano\headerMale.par wird wiederholt verwendet
|--+Datei G:\Schule\CPE\2. Klasse\Projekt\RC-Car\Electronics\RaspberryPI_Shield\Arduino Nano\headerMale.par wird wiederholt verwendet
|--+Datei G:\Schule\CPE\2. Klasse\Projekt\RC-Car\Electronics\RaspberryPI_Shield\Arduino Nano\headerMale.par wird wiederholt verwendet
|--+Datei G:\Schule\CPE\2. Klasse\Projekt\RC-Car\Electronics\RaspberryPI_Shield\Arduino Nano\headerMale.par wird wiederholt verwendet
|--+Datei G:\Schule\CPE\2. Klasse\Projekt\RC-Car\Electronics\RaspberryPI_Shield\Arduino Nano\headerMale.par wird wiederholt verwendet
|--+Datei G:\Schule\CPE\2. Klasse\Projekt\RC-Car\Electronics\RaspberryPI_Shield\Arduino Nano\headerMale.par wird wiederholt verwendet
|--+Datei G:\Schule\CPE\2. Klasse\Projekt\RC-Car\Electronics\RaspberryPI_Shield\Arduino Nano\headerMale.par wird wiederholt verwendet
|--+Datei G:\Schule\CPE\2. Klasse\Projekt\RC-Car\Electronics\RaspberryPI_Shield\Arduino Nano\headerMale.par wird wiederholt verwendet
|--+Datei G:\Schule\CPE\2. Klasse\Projekt\RC-Car\Electronics\RaspberryPI_Shield\Arduino Nano\headerMale.par wird wiederholt verwendet
|--+Datei G:\Schule\CPE\2. Klasse\Projekt\RC-Car\Electronics\RaspberryPI_Shield\Arduino Nano\headerMale.par wird wiederholt verwendet
|--+Datei G:\Schule\CPE\2. Klasse\Projekt\RC-Car\Electronics\RaspberryPI_Shield\Arduino Nano\headerMale.par wird wiederholt verwendet
|--+Datei G:\Schule\CPE\2. Klasse\Projekt\RC-Car\Electronics\RaspberryPI_Shield\Arduino Nano\headerMale.par wird wiederholt verwendet
|--+Datei G:\Schule\CPE\2. Klasse\Projekt\RC-Car\Electronics\RaspberryPI_Shield\Arduino Nano\headerMale.par wird wiederholt verwendet
|--+Datei G:\Schule\CPE\2. Klasse\Projekt\RC-Car\Electronics\RaspberryPI_Shield\Arduino Nano\headerMale.par wird wiederholt verwendet
|--+Datei G:\Schule\CPE\2. Klasse\Projekt\RC-Car\Electronics\RaspberryPI_Shield\Arduino Nano\headerMale.par wird wiederholt verwendet
|--+SE Part-Datei G:\Schule\CPE\2. Klasse\Projekt\RC-Car\Electronics\RaspberryPI_Shield\Arduino Nano\solder.par wurde erstellt
|--+Datei G:\Schule\CPE\2. Klasse\Projekt\RC-Car\Electronics\RaspberryPI_Shield\Arduino Nano\solder.par wird wiederholt verwendet
|--+Datei G:\Schule\CPE\2. Klasse\Projekt\RC-Car\Electronics\RaspberryPI_Shield\Arduino Nano\solder.par wird wiederholt verwendet
|--+Datei G:\Schule\CPE\2. Klasse\Projekt\RC-Car\Electronics\RaspberryPI_Shield\Arduino Nano\solder.par wird wiederholt verwendet
|--+Datei G:\Schule\CPE\2. Klasse\Projekt\RC-Car\Electronics\RaspberryPI_Shield\Arduino Nano\solder.par wird wiederholt verwendet
|--+Datei G:\Schule\CPE\2. Klasse\Projekt\RC-Car\Electronics\RaspberryPI_Shield\Arduino Nano\solder.par wird wiederholt verwendet
|--+Datei G:\Schule\CPE\2. Klasse\Projekt\RC-Car\Electronics\RaspberryPI_Shield\Arduino Nano\solder.par wird wiederholt verwendet
|--+Datei G:\Schule\CPE\2. Klasse\Projekt\RC-Car\Electronics\RaspberryPI_Shield\Arduino Nano\solder.par wird wiederholt verwendet
|--+Datei G:\Schule\CPE\2. Klasse\Projekt\RC-Car\Electronics\RaspberryPI_Shield\Arduino Nano\solder.par wird wiederholt verwendet
|--+Datei G:\Schule\CPE\2. Klasse\Projekt\RC-Car\Electronics\RaspberryPI_Shield\Arduino Nano\solder.par wird wiederholt verwendet
|--+Datei G:\Schule\CPE\2. Klasse\Projekt\RC-Car\Electronics\RaspberryPI_Shield\Arduino Nano\solder.par wird wiederholt verwendet
|--+Datei G:\Schule\CPE\2. Klasse\Projekt\RC-Car\Electronics\RaspberryPI_Shield\Arduino Nano\solder.par wird wiederholt verwendet
|--+Datei G:\Schule\CPE\2. Klasse\Projekt\RC-Car\Electronics\RaspberryPI_Shield\Arduino Nano\solder.par wird wiederholt verwendet
|--+Datei G:\Schule\CPE\2. Klasse\Projekt\RC-Car\Electronics\RaspberryPI_Shield\Arduino Nano\solder.par wird wiederholt verwendet
|--+Datei G:\Schule\CPE\2. Klasse\Projekt\RC-Car\Electronics\RaspberryPI_Shield\Arduino Nano\solder.par wird wiederholt verwendet
|--+Datei G:\Schule\CPE\2. Klasse\Projekt\RC-Car\Electronics\RaspberryPI_Shield\Arduino Nano\solder.par wird wiederholt verwendet
|--+Datei G:\Schule\CPE\2. Klasse\Projekt\RC-Car\Electronics\RaspberryPI_Shield\Arduino Nano\solder.par wird wiederholt verwendet
|--+Datei G:\Schule\CPE\2. Klasse\Projekt\RC-Car\Electronics\RaspberryPI_Shield\Arduino Nano\solder.par wird wiederholt verwendet
|--+Datei G:\Schule\CPE\2. Klasse\Projekt\RC-Car\Electronics\RaspberryPI_Shield\Arduino Nano\solder.par wird wiederholt verwendet
|--+Datei G:\Schule\CPE\2. Klasse\Projekt\RC-Car\Electronics\RaspberryPI_Shield\Arduino Nano\solder.par wird wiederholt verwendet
|--+Datei G:\Schule\CPE\2. Klasse\Projekt\RC-Car\Electronics\RaspberryPI_Shield\Arduino Nano\solder.par wird wiederholt verwendet
|--+Datei G:\Schule\CPE\2. Klasse\Projekt\RC-Car\Electronics\RaspberryPI_Shield\Arduino Nano\solder.par wird wiederholt verwendet
|--+Datei G:\Schule\CPE\2. Klasse\Projekt\RC-Car\Electronics\RaspberryPI_Shield\Arduino Nano\solder.par wird wiederholt verwendet
|--+Datei G:\Schule\CPE\2. Klasse\Projekt\RC-Car\Electronics\RaspberryPI_Shield\Arduino Nano\solder.par wird wiederholt verwendet
|--+Datei G:\Schule\CPE\2. Klasse\Projekt\RC-Car\Electronics\RaspberryPI_Shield\Arduino Nano\solder.par wird wiederholt verwendet
|--+Datei G:\Schule\CPE\2. Klasse\Projekt\RC-Car\Electronics\RaspberryPI_Shield\Arduino Nano\solder.par wird wiederholt verwendet
|--+Datei G:\Schule\CPE\2. Klasse\Projekt\RC-Car\Electronics\RaspberryPI_Shield\Arduino Nano\solder.par wird wiederholt verwendet
|--+Datei G:\Schule\CPE\2. Klasse\Projekt\RC-Car\Electronics\RaspberryPI_Shield\Arduino Nano\solder.par wird wiederholt verwendet
|--+Datei G:\Schule\CPE\2. Klasse\Projekt\RC-Car\Electronics\RaspberryPI_Shield\Arduino Nano\solder.par wird wiederholt verwendet
|--+Datei G:\Schule\CPE\2. Klasse\Projekt\RC-Car\Electronics\RaspberryPI_Shield\Arduino Nano\solder.par wird wiederholt verwendet
|--+Datei G:\Schule\CPE\2. Klasse\Projekt\RC-Car\Electronics\RaspberryPI_Shield\Arduino Nano\headerMale.par wird wiederholt verwendet
|--+Datei G:\Schule\CPE\2. Klasse\Projekt\RC-Car\Electronics\RaspberryPI_Shield\Arduino Nano\headerMale.par wird wiederholt verwendet
|--+Datei G:\Schule\CPE\2. Klasse\Projekt\RC-Car\Electronics\RaspberryPI_Shield\Arduino Nano\headerMale.par wird wiederholt verwendet
|--+Datei G:\Schule\CPE\2. Klasse\Projekt\RC-Car\Electronics\RaspberryPI_Shield\Arduino Nano\solder.par wird wiederholt verwendet
|--+Datei G:\Schule\CPE\2. Klasse\Projekt\RC-Car\Electronics\RaspberryPI_Shield\Arduino Nano\solder.par wird wiederholt verwendet
|--+Datei G:\Schule\CPE\2. Klasse\Projekt\RC-Car\Electronics\RaspberryPI_Shield\Arduino Nano\solder.par wird wiederholt verwendet
|--+Datei G:\Schule\CPE\2. Klasse\Projekt\RC-Car\Electronics\RaspberryPI_Shield\Arduino Nano\solder.par wird wiederholt verwendet
|--+Datei G:\Schule\CPE\2. Klasse\Projekt\RC-Car\Electronics\RaspberryPI_Shield\Arduino Nano\headerMale.par wird wiederholt verwendet
|--+Datei G:\Schule\CPE\2. Klasse\Projekt\RC-Car\Electronics\RaspberryPI_Shield\Arduino Nano\headerMale.par wird wiederholt verwendet
|--+Datei G:\Schule\CPE\2. Klasse\Projekt\RC-Car\Electronics\RaspberryPI_Shield\Arduino Nano\headerMale.par wird wiederholt verwendet
|--+Datei G:\Schule\CPE\2. Klasse\Projekt\RC-Car\Electronics\RaspberryPI_Shield\Arduino Nano\solder.par wird wiederholt verwendet
|--+Datei G:\Schule\CPE\2. Klasse\Projekt\RC-Car\Electronics\RaspberryPI_Shield\Arduino Nano\solder.par wird wiederholt verwendet
|--+SE Part-Datei G:\Schule\CPE\2. Klasse\Projekt\RC-Car\Electronics\RaspberryPI_Shield\Arduino Nano\smdChip16pin.par wurde erstellt
|--+SE Part-Datei G:\Schule\CPE\2. Klasse\Projekt\RC-Car\Electronics\RaspberryPI_Shield\Arduino Nano\Mini ATmel Mega 328P IC.par wurde erstellt
|--+SE Part-Datei G:\Schule\CPE\2. Klasse\Projekt\RC-Car\Electronics\RaspberryPI_Shield\Arduino Nano\VoltageRegulatorAMS1112.par wurde erstellt
|--+SE Part-Datei G:\Schule\CPE\2. Klasse\Projekt\RC-Car\Electronics\RaspberryPI_Shield\Arduino Nano\tinySMDResistor.par wurde erstellt
|--+Datei G:\Schule\CPE\2. Klasse\Projekt\RC-Car\Electronics\RaspberryPI_Shield\Arduino Nano\tinySMDResistor.par wird wiederholt verwendet
|--+Datei G:\Schule\CPE\2. Klasse\Projekt\RC-Car\Electronics\RaspberryPI_Shield\Arduino Nano\tinySMDResistor.par wird wiederholt verwendet
|--+SE Part-Datei G:\Schule\CPE\2. Klasse\Projekt\RC-Car\Electronics\RaspberryPI_Shield\Arduino Nano\1.7mmSmdCeramicCapacitor.par wurde erstellt
|--+Datei G:\Schule\CPE\2. Klasse\Projekt\RC-Car\Electronics\RaspberryPI_Shield\Arduino Nano\1.7mmSmdCeramicCapacitor.par wird wiederholt verwendet
|--+Datei G:\Schule\CPE\2. Klasse\Projekt\RC-Car\Electronics\RaspberryPI_Shield\Arduino Nano\1.7mmSmdCeramicCapacitor.par wird wiederholt verwendet
|--+Datei G:\Schule\CPE\2. Klasse\Projekt\RC-Car\Electronics\RaspberryPI_Shield\Arduino Nano\1.7mmSmdCeramicCapacitor.par wird wiederholt verwendet
|--+Datei G:\Schule\CPE\2. Klasse\Projekt\RC-Car\Electronics\RaspberryPI_Shield\Arduino Nano\1.7mmSmdCeramicCapacitor.par wird wiederholt verwendet
|--+Datei G:\Schule\CPE\2. Klasse\Projekt\RC-Car\Electronics\RaspberryPI_Shield\Arduino Nano\1.7mmSmdCeramicCapacitor.par wird wiederholt verwendet
|--+SE Part-Datei G:\Schule\CPE\2. Klasse\Projekt\RC-Car\Electronics\RaspberryPI_Shield\Arduino Nano\1.7mmSmdCeramicCapacitorwhite.par wurde erstellt
|--+Datei G:\Schule\CPE\2. Klasse\Projekt\RC-Car\Electronics\RaspberryPI_Shield\Arduino Nano\1.7mmSmdCeramicCapacitorwhite.par wird wiederholt verwendet
|--+Datei G:\Schule\CPE\2. Klasse\Projekt\RC-Car\Electronics\RaspberryPI_Shield\Arduino Nano\1.7mmSmdCeramicCapacitor.par wird wiederholt verwendet
|--+SE Part-Datei G:\Schule\CPE\2. Klasse\Projekt\RC-Car\Electronics\RaspberryPI_Shield\Arduino Nano\tinysmdPushButton.par wurde erstellt
|--+SE Part-Datei G:\Schule\CPE\2. Klasse\Projekt\RC-Car\Electronics\RaspberryPI_Shield\Arduino Nano\tinysmdLED.par wurde erstellt
|--+Datei G:\Schule\CPE\2. Klasse\Projekt\RC-Car\Electronics\RaspberryPI_Shield\Arduino Nano\tinysmdLED.par wird wiederholt verwendet
|--+Datei G:\Schule\CPE\2. Klasse\Projekt\RC-Car\Electronics\RaspberryPI_Shield\Arduino Nano\tinysmdLED.par wird wiederholt verwendet
|--+Datei G:\Schule\CPE\2. Klasse\Projekt\RC-Car\Electronics\RaspberryPI_Shield\Arduino Nano\tinysmdLED.par wird wiederholt verwendet
|--+SE Part-Datei G:\Schule\CPE\2. Klasse\Projekt\RC-Car\Electronics\RaspberryPI_Shield\Arduino Nano\tiny8pin.par wurde erstellt
|--+SE Part-Datei G:\Schule\CPE\2. Klasse\Projekt\RC-Car\Electronics\RaspberryPI_Shield\Arduino Nano\tinyDiode.par wurde erstellt
|--+SE Part-Datei G:\Schule\CPE\2. Klasse\Projekt\RC-Car\Electronics\RaspberryPI_Shield\Arduino Nano\tinyCrystal.par wurde erstellt
|--+SE Part-Datei G:\Schule\CPE\2. Klasse\Projekt\RC-Car\Electronics\RaspberryPI_Shield\Arduino Nano\12000MHz Clock.par wurde erstellt
+Gesamtzahl der Teile: 237
+Baugruppen: 0
+Volumenkörper: 237
+Flächenkörper: 0
+Baugruppe 1 beenden
Konvertierungsvorgang ist abgeschlossen
Zur Übersetzung und Nachbearbeitung erforderte Gesamtzeit:00 : 00 : 11
