Solid Edge in 3MF konvertieren
Datum: Mittwoch,November 30,2022 03:47nachm.
Ausgabedatei: C:\Users\thelp\Desktop\projects\lidar mount\lidar mount done .3mf
Autor: Unknown
Organisation: Unknown
Ausgangssystem: SOLID EDGE

Hardware:
Prozessor: Intel(R) Core(TM) i7-10875H CPU @ 2.30GHz
Betriebssystem: Windows 10
Installierter Speicher: 31.90 GB

Software-Informationen:
Parasolid-Version: 32.1.222
PSBodyshop-Version: 32.1.94
3MF-Adapterversion:5.0.48
Solid Edge-Version: 221.00.00.114 x64

3MF-Exportoptionen
Konstruktionsvolumen exportieren: Aus
Angezeigte Teile exportieren: Aus
Protokollierung aktivieren:Ein
AllowInvalid3mfObjects:Aus
Reduzierte Baugruppe exportieren:On
Einheiten exportieren:Millimeters
Toleranzwert exportieren:0.001000
Toleranztyp exportieren:Fine
Flächenplanwinkelwert exportieren:0.523599
Autor exportieren:Unknown
Beschreibung exportieren:Unknown
Organisation exportieren:Unknown
Programmname exportieren:Unknown

Konvertierungsfortschritt:
Phase 1 von 1 - Parasolid in Fremddatentypen konvertieren...
Konvertierungsvorgang ist abgeschlossen
Zum Konvertieren benötigte Zeit:00 : 00 : 02
