Solid Edge in 3MF konvertieren
Datum: Montag,Oktober 02,2023 10:24AM
Ausgabedatei: C:\Users\Felix\Documents\GitHub\RC-Car\Exportierte Dateien\Aufhängung\A-Arm_unten_vorne.3mf
Autor: Unknown
Organisation: Unknown
Ausgangssystem: SOLID EDGE

Hardware:
Prozessor: AMD Ryzen 7 5800H with Radeon Graphics         
Betriebssystem: Windows 10 Professional
Installierter Speicher: 15.85 GB

Software-Informationen:
Parasolid-Version: 35.0.224
PSBodyshop-Version: 35.0.82
3MF-Adapterversion:11.0.82
Solid Edge-Version: 223.00.02.004 x64

3MF-Exportoptionen
Konstruktionsvolumen exportieren: Aus
Angezeigte Teile exportieren: Aus
Protokollierung aktivieren:Ein
AllowInvalid3mfObjects:Aus
Reduzierte Baugruppe exportieren:On
Einheiten exportieren:Millimeters
Toleranzwert exportieren:0.001000
Toleranztyp exportieren:Custom
Flächenplanwinkelwert exportieren:0.017453
Autor exportieren:Unknown
Beschreibung exportieren:Unknown
Organisation exportieren:Unknown
Programmname exportieren:Unknown

Konvertierungsfortschritt:
Phase 1 von 1 - Parasolid in Fremddatentypen konvertieren...
Konvertierungsvorgang ist abgeschlossen
Zum Konvertieren benötigte Zeit:00 : 00 : 01
