Solid Edge in 3MF konvertieren
Datum: Montag,Juli 25,2022 11:35nachm.
Ausgabedatei: F:\Schule\CPE\2. Klasse\Projekt\RC-Car\Exportierte Dateien\Aufhängung\Wheel_Hub_vorne_2.3mf
Autor: Unknown
Organisation: Unknown
Ausgangssystem: SOLID EDGE

Hardware:
Prozessor: AMD Ryzen 7 3700X 8-Core Processor             
Betriebssystem: Windows 10 Professional
Installierter Speicher: 31.91 GB

Software-Informationen:
Parasolid-Version: 32.1.222
PSBodyshop-Version: 32.1.94
3MF-Adapterversion:5.0.48
Solid Edge-Version: 221.00.03.003 x64

3MF-Exportoptionen
Konstruktionsvolumen exportieren: Aus
Angezeigte Teile exportieren: Aus
Protokollierung aktivieren:Ein
AllowInvalid3mfObjects:Aus
Reduzierte Baugruppe exportieren:On
Einheiten exportieren:Millimeters
Toleranzwert exportieren:0.001000
Toleranztyp exportieren:Custom
Flächenplanwinkelwert exportieren:0.017453
Autor exportieren:Unknown
Beschreibung exportieren:Unknown
Organisation exportieren:Unknown
Programmname exportieren:Unknown

Konvertierungsfortschritt:
Phase 1 von 1 - Parasolid in Fremddatentypen konvertieren...
Konvertierungsvorgang ist abgeschlossen
Zum Konvertieren benötigte Zeit:00 : 00 : 00
