Solid Edge in 3MF konvertieren
Datum: Monday,May 13,2024 03:45PM
Ausgabedatei: C:\Users\phili\Documents\GitHub\RC-Car\Blender\Chassi\Chassis_V7.1_simply.3mf
Autor: Unknown
Organisation: Unknown
Ausgangssystem: SOLID EDGE

Hardware:
Prozessor: Intel(R) Core(TM) i7-8700 CPU @ 3.20GHz
Betriebssystem: Windows 10
Installierter Speicher: 15.92 GB

Software-Informationen:
Parasolid-Version: 35.0.239
PSBodyshop-Version: 35.0.102
3MF-Adapterversion:11.0.82
Solid Edge-Version: 223.00.03.004 x64

3MF-Exportoptionen
Konstruktionsvolumen exportieren: Aus
Angezeigte Teile exportieren: Aus
Protokollierung aktivieren:Ein
AllowInvalid3mfObjects:Aus
Reduzierte Baugruppe exportieren:On
Einheiten exportieren:Millimeters
Toleranzwert exportieren:0.001000
Toleranztyp exportieren:Custom
Fl‰chenplanwinkelwert exportieren:0.017453
Autor exportieren:Unknown
Beschreibung exportieren:Unknown
Organisation exportieren:Unknown
Programmname exportieren:Unknown

Konvertierungsfortschritt:
Phase 1 von 1 - Parasolid in Fremddatentypen konvertieren...
Warn: One or more facets generated for a parasolid body in node ruthex_RX-M4x8.1 may not satisfy the specified faceting tolerances
Warn: One or more facets generated for a parasolid body in node ruthex_RX-M4x8.1 may not satisfy the specified faceting tolerances
Warn: One or more facets generated for a parasolid body in node ruthex_RX-M4x8.1 may not satisfy the specified faceting tolerances
Warn: One or more facets generated for a parasolid body in node ruthex_RX-M4x8.1 may not satisfy the specified faceting tolerances
Warn: One or more facets generated for a parasolid body in node ruthex_RX-M4x8.1 may not satisfy the specified faceting tolerances
Warn: One or more facets generated for a parasolid body in node ruthex_RX-M4x8.1 may not satisfy the specified faceting tolerances
Warn: One or more facets generated for a parasolid body in node ruthex_RX-M4x8.1 may not satisfy the specified faceting tolerances
Warn: One or more facets generated for a parasolid body in node ruthex_RX-M4x8.1 may not satisfy the specified faceting tolerances
Warn: One or more facets generated for a parasolid body in node ruthex_RX-M4x8.1 may not satisfy the specified faceting tolerances
Warn: One or more facets generated for a parasolid body in node ruthex_RX-M4x8.1 may not satisfy the specified faceting tolerances
Warn: One or more facets generated for a parasolid body in node ruthex_RX-M4x8.1 may not satisfy the specified faceting tolerances
Warn: One or more facets generated for a parasolid body in node ruthex_RX-M4x8.1 may not satisfy the specified faceting tolerances
Warn: One or more facets generated for a parasolid body in node ruthex_RX-M4x8.1 may not satisfy the specified faceting tolerances
Warn: One or more facets generated for a parasolid body in node ruthex_RX-M4x8.1 may not satisfy the specified faceting tolerances
Warn: One or more facets generated for a parasolid body in node ruthex_RX-M4x8.1 may not satisfy the specified faceting tolerances
Warn: One or more facets generated for a parasolid body in node ruthex_RX-M4x8.1 may not satisfy the specified faceting tolerances
Warn: One or more facets generated for a parasolid body in node ruthex_RX-M4x8.1 may not satisfy the specified faceting tolerances
Warn: One or more facets generated for a parasolid body in node ruthex_RX-M4x8.1 may not satisfy the specified faceting tolerances
Warn: One or more facets generated for a parasolid body in node ruthex_RX-M4x8.1 may not satisfy the specified faceting tolerances
Warn: One or more facets generated for a parasolid body in node ruthex_RX-M4x8.1 may not satisfy the specified faceting tolerances
Warn: One or more facets generated for a parasolid body in node ruthex_RX-M4x8.1 may not satisfy the specified faceting tolerances
Fehler!Rejecting an invalid mesh object produced by tessellating Parasolid body in node Body_2_mitte_Bambu
Fehler!Rejecting an invalid mesh object produced by tessellating Parasolid body in node Body_2_mitte_rechts_Bambu
Warn: Failed to output any facets for very thin face of a Parasolid body in node Extreme_Kotfl√ºgel 2 gespiegelt
Fehler!Failed to tessellate a face of a Parasolid body in node Extreme_Kotfl√ºgel 2 gespiegelt using prescribed values of tessellation parameters
Fehler!Failed to tessellate a face of a Parasolid body in node Extreme_Kotfl√ºgel 2 gespiegelt using prescribed values of tessellation parameters
Fehler!Failed to tessellate a face of a Parasolid body in node Extreme_Kotfl√ºgel 2 gespiegelt using prescribed values of tessellation parameters
Fehler!Failed to tessellate a face of a Parasolid body in node Extreme_Kotfl√ºgel 2 gespiegelt using prescribed values of tessellation parameters
Fehler!Failed to tessellate a face of a Parasolid body in node Extreme_Kotfl√ºgel 2 gespiegelt using prescribed values of tessellation parameters
Fehler!Failed to tessellate a face of a Parasolid body in node Extreme_Kotfl√ºgel 2 gespiegelt using prescribed values of tessellation parameters
Fehler!Failed to tessellate a face of a Parasolid body in node Extreme_Kotfl√ºgel 2 gespiegelt using prescribed values of tessellation parameters
Fehler!Failed to tessellate a face of a Parasolid body in node Extreme_Kotfl√ºgel 2 gespiegelt using prescribed values of tessellation parameters
Fehler!Failed to tessellate a face of a Parasolid body in node Extreme_Kotfl√ºgel 2 gespiegelt using prescribed values of tessellation parameters
Fehler!Failed to tessellate a face of a Parasolid body in node Extreme_Kotfl√ºgel 2 gespiegelt using prescribed values of tessellation parameters
Fehler!Failed to tessellate a face of a Parasolid body in node Extreme_Kotfl√ºgel 2 gespiegelt using prescribed values of tessellation parameters
Fehler!Failed to tessellate a face of a Parasolid body in node Extreme_Kotfl√ºgel 2 gespiegelt using prescribed values of tessellation parameters
Fehler!Failed to tessellate a face of a Parasolid body in node Extreme_Kotfl√ºgel 2 gespiegelt using prescribed values of tessellation parameters
Fehler!Failed to tessellate a face of a Parasolid body in node Extreme_Kotfl√ºgel 2 gespiegelt using prescribed values of tessellation parameters
Fehler!Failed to tessellate a face of a Parasolid body in node Extreme_Kotfl√ºgel 2 gespiegelt using prescribed values of tessellation parameters
Fehler!Failed to tessellate a face of a Parasolid body in node Extreme_Kotfl√ºgel 2 gespiegelt using prescribed values of tessellation parameters
Fehler!Failed to tessellate a face of a Parasolid body in node Extreme_Kotfl√ºgel 2 gespiegelt using prescribed values of tessellation parameters
Fehler!Failed to tessellate a face of a Parasolid body in node Extreme_Kotfl√ºgel 2 gespiegelt using prescribed values of tessellation parameters
Fehler!Failed to tessellate a face of a Parasolid body in node Extreme_Kotfl√ºgel 2 gespiegelt using prescribed values of tessellation parameters
Fehler!Failed to tessellate a face of a Parasolid body in node Extreme_Kotfl√ºgel 2 gespiegelt using prescribed values of tessellation parameters
Warn: Failed to output any facets for very thin face of a Parasolid body in node Extreme_Kotfl√ºgel_richtig_ausschnitt
Fehler!Failed to tessellate a face of a Parasolid body in node Extreme_Kotfl√ºgel_richtig_ausschnitt using prescribed values of tessellation parameters
Fehler!Failed to tessellate a face of a Parasolid body in node Extreme_Kotfl√ºgel_richtig_ausschnitt using prescribed values of tessellation parameters
Fehler!Failed to tessellate a face of a Parasolid body in node Extreme_Kotfl√ºgel_richtig_ausschnitt using prescribed values of tessellation parameters
Fehler!Failed to tessellate a face of a Parasolid body in node Extreme_Kotfl√ºgel_richtig_ausschnitt using prescribed values of tessellation parameters
Fehler!Failed to tessellate a face of a Parasolid body in node Extreme_Kotfl√ºgel_richtig_ausschnitt using prescribed values of tessellation parameters
Fehler!Failed to tessellate a face of a Parasolid body in node Extreme_Kotfl√ºgel_richtig_ausschnitt using prescribed values of tessellation parameters
Fehler!Failed to tessellate a face of a Parasolid body in node Extreme_Kotfl√ºgel_richtig_ausschnitt using prescribed values of tessellation parameters
Fehler!Failed to tessellate a face of a Parasolid body in node Extreme_Kotfl√ºgel_richtig_ausschnitt using prescribed values of tessellation parameters
Fehler!Failed to tessellate a face of a Parasolid body in node Extreme_Kotfl√ºgel_richtig_ausschnitt using prescribed values of tessellation parameters
Fehler!Failed to tessellate a face of a Parasolid body in node Extreme_Kotfl√ºgel_richtig_ausschnitt using prescribed values of tessellation parameters
Fehler!Failed to tessellate a face of a Parasolid body in node Extreme_Kotfl√ºgel_richtig_ausschnitt using prescribed values of tessellation parameters
Fehler!Failed to tessellate a face of a Parasolid body in node Extreme_Kotfl√ºgel_richtig_ausschnitt using prescribed values of tessellation parameters
Fehler!Failed to tessellate a face of a Parasolid body in node Extreme_Kotfl√ºgel_richtig_ausschnitt using prescribed values of tessellation parameters
Fehler!Failed to tessellate a face of a Parasolid body in node Extreme_Kotfl√ºgel_richtig_ausschnitt using prescribed values of tessellation parameters
Fehler!Failed to tessellate a face of a Parasolid body in node Extreme_Kotfl√ºgel_richtig_ausschnitt using prescribed values of tessellation parameters
Fehler!Failed to tessellate a face of a Parasolid body in node Extreme_Kotfl√ºgel_richtig_ausschnitt using prescribed values of tessellation parameters
Fehler!Failed to tessellate a face of a Parasolid body in node Extreme_Kotfl√ºgel_richtig_ausschnitt using prescribed values of tessellation parameters
Fehler!Failed to tessellate a face of a Parasolid body in node Extreme_Kotfl√ºgel_richtig_ausschnitt using prescribed values of tessellation parameters
Fehler!Failed to tessellate a face of a Parasolid body in node Extreme_Kotfl√ºgel_richtig_ausschnitt using prescribed values of tessellation parameters
Fehler!Failed to tessellate a face of a Parasolid body in node Extreme_Kotfl√ºgel_richtig_ausschnitt using prescribed values of tessellation parameters
Warn: One or more facets generated for a parasolid body in node ruthex_RX-M5x9.5 may not satisfy the specified faceting tolerances
Warn: One or more facets generated for a parasolid body in node ruthex_RX-M5x9.5 may not satisfy the specified faceting tolerances
Warn: One or more facets generated for a parasolid body in node ruthex_RX-M5x9.5 may not satisfy the specified faceting tolerances
Warn: One or more facets generated for a parasolid body in node ruthex_RX-M5x9.5 may not satisfy the specified faceting tolerances
Warn: One or more facets generated for a parasolid body in node ruthex_RX-M5x9.5 may not satisfy the specified faceting tolerances
Warn: One or more facets generated for a parasolid body in node ruthex_RX-M5x9.5 may not satisfy the specified faceting tolerances
Warn: One or more facets generated for a parasolid body in node ruthex_RX-M5x9.5 may not satisfy the specified faceting tolerances
Warn: One or more facets generated for a parasolid body in node ruthex_RX-M5x9.5 may not satisfy the specified faceting tolerances
Fehler!Fehler!
