STEP in Solid Edge konvertieren
Datum: Sonntag,Dezember 12,2021 10:16nachm.
Quelldatei: F:\Schule\CPE\2. Klasse\Projekt\RC-Car\Electronics\spacers-m2-male-female-1.snapshot.4\Spacer M2 M F 12mm.stp
Autor: Unbekannt
Organisation: Unbekannt
Ausgangssystem: Unbekannt

Hardware:
Prozessor: AMD Ryzen 7 3700X 8-Core Processor             
Betriebssystem: Windows 10 Professional
Installierter Speicher: 31.91 GB

Software-Informationen
Parasolid-Version: 32.1.222
PSBodyShop-Version: 32.1.94
Step-Adapterversion: 5.0.107
Solid Edge-Version: 221.00.03.003 x64

Step-Importoptionen
Facettierte Körper importieren: Ein
Prüfkörper importieren: Aus
Kurven importieren: Ein
DoNotSave importieren: Ein
Mehrere Körper als Einzelteildatei importieren: Ein
Flächenvernähung importieren: Ein
Boolesche Körper importieren: Ein
Basisformelement erstellen: Ein
Geometrie vereinfachen: Ein
Druckkurven importieren: Ein
Führung importieren: C:
Flächenvernähung importieren: Ein
Flächen importieren: Ein
Ausgabepfad importieren: F:\Schule\CPE\2. Klasse\Projekt\RC-Car\Electronics\spacers-m2-male-female-1.snapshot.4
Aktivieren des standardmäßigen Ausgabepfads importieren: Ein
PMI importieren: Aus
Als interne Komponenten importieren: Aus
Pfad importieren: 

Übersetzen in Parasolid-Datentypen...
Konvertierungsvorgang ist abgeschlossen
Zur Übersetzung und Nachbearbeitung erforderte Gesamtzeit:00 : 00 : 09
