Log started at 08.01.2023	20:03:03
Number of used processors (NPROC): 12.
Number of mesh partitions (NPART): 12.
Total Physical Memory = 15.93 Gb, Available Physical Memory = 7.77 Gb
Computer name:	DESKTOP-ES20QCI
Operating system:	Windows 10 (or higher) (Version 10.0.22621)

Solid Edge 221.00.03.03
FLOEFD FES2020  x64 / 5044 / MESHER ver.  

Project: C:\Users\phili\Documents\GitHub\RC-Car\FLOEFD\1\1.xmlconfig
Configuration name: Master
Project name: Extreme E 2
Problem type: external-type
NGK: ON
MBO: OFF
-----------------------------------------------------------------------
Mesher option run = eRunMesherNormal
-----------------------------------------------------------------------

Mesh generation started:	8.1.2023	20:3:3
Mesher adjust APD = OFF; AdjustAPD_method=0; N_per_Channel = 0; N2_per_Channel = 0
Current CPU = 0 sec
-----------------------------------------------------------------------
Geometries initialization:
-----------------------------------------------------------------------
Loading mesh settings (global/local)...
-----------------------------------------------------------------------
Number of geometries from DB: 1
Geometry(0):
	Guid = {00000000-0000-0000-0000-000000000000}
	Fluid..
	1 Body.
	1 Real body.
	-- Bodyset 0 --
		Tolerance=0.000107969.
		327 Face(s).
			327 of b-spline type.
		0 Face(s) that have no ref faces
		131 Plane surface(s).
		35 Cylinder surface(s).
		108 B- surface(s).
		53 Extrude surface(s).
		63948 Triangle(s).
		Getting triangle connectivities from DB: 0.006 s
		934 Edge(s).
			934 of b-spline type.
		BodyGeom reading: 0.034 s.
		327 Reference Face(s).
		63948 Reference Triangles.
		Getting triangle connectivities from DB (Ref): 0.007 s
		BodyGeom Ref reading: 0.010 s.
		Getting triangle connectivities from DB (Extra Triangulation): 0.005 s
Geometry(1):
	Solid.
	-- Bodyset 1 --
	Empty
-----------------------------------------------------------------------
Number of geometries in task: 2
Number of bodysets   in task: 2
-----------------------------------------------------------------------
	Making hash and connectivity for Bodyset ...
		CBodyGeom:
		Hash size: {36, 104, 35}.
		Mesh size: {36, 52, 35}.
		Hashing triangles...Ok.
			axis(0) tr sizes: average=93 max=1255
			axis(1) tr sizes: average=149 max=1774
			axis(2) tr sizes: average=54 max=548
		Number of t-connected sets:1
			(0) size=63948
		Done.
		CBodyGeomRef:
		Hashing triangles...Ok.
			axis(0) tr sizes: average=126 max=1610
			axis(1) tr sizes: average=144 max=1686
			axis(2) tr sizes: average=76 max=786
		Done.
	0.0489 s.
Hash BodySets boxes over base mesh...OK (0.013 s)
Geometries reading and preparing has taken 0.130 s.

Mapped triangles:
Hashing geometries triangles
	Triangles num=63948
	Triangles box={-0.27  ,0.27  ,0.0328396  ,0.923393  ,0.100505  ,0.384301  }
		3d-hash size is 618532 bytes
Hashing peculiar surfaces triangles
Mapped triangles processed in 0.054 s.
-----------------------------------------------------------------------
Getting sectors:
Number of sectors: 0
-----------------------------------------------------------------------
-----------------------------------------------------------------------

Current CPU = 0 sec
-----------------------------------------------------------------------
Checking faces on CD...
FCD = [0 0 0 0 0 0]
FCD_conflicts = 0
Time (check faces on CD)=0.001 s
-----------------------------------------------------------------------

-----------------------------------------------------------------------
Mesh dimensions:
				I[0 ]=36
				I[1 ]=52
				I[2 ]=35

Comp. domain size:
				a[0  ]=-1.20172
				a[1  ]=1.20172
				a[2  ]=-0.892653
				a[3  ]=2.45638
				a[4  ]=-0.819956
				a[5  ]=1.31758

Fluid calculated			1
Solid calculated			0
-----------------------------------------------------------------------
MESH Build started...
-----------------------------------------------------------------------
Mesh LEVEL = 1
-----------------------------------------------------------------------
-----------------------------------------------------------------------
CPT-mode xeps:
	D / dh / eps [axis=0] = (2.40345, 0.0262484, 2.62484e-05)
	D / dh / eps [axis=1] = (3.34904, 0.0272647, 2.72647e-05)
	D / dh / eps [axis=2] = (2.13753, 0.022216, 2.2216e-05)
-----------------------------------------------------------------------
Setting regions...OK (0.001 s)
-----------------------------------------------------------------------
Base mesh info:
	3D task
	Nx=36
	Ny=52
	Nz=35
	N(Nx*Ny*Nz) = 1872
	Period    axis=[0, 0, 0]
	Symmetry  ni=[0 0 0 0 0 0]
	ZoomingBC ni=[0 0 0 0 0 0]
	Nx=36
		x[0]=-1.20172
		x[1]=-1.10609
		x[2]=-1.01516
		x[3]=-0.928647
		x[4]=-0.846354
		x[5]=-0.76807
		x[6]=-0.6936
		x[7]=-0.622758
		x[8]=-0.555369
		x[9]=-0.491262
		x[10]=-0.430279
		x[11]=-0.372267
		x[12]=-0.317081
		x[13]=-0.264584
		x[14]=-0.211664
		x[15]=-0.158744
		x[16]=-0.105824
		x[17]=-0.0529036
		x[18]=1.66201e-05
		x[19]=0.0529368
		x[20]=0.105857
		x[21]=0.158777
		x[22]=0.211697
		x[23]=0.264618
		x[24]=0.317118
		x[25]=0.372308
		x[26]=0.430323
		x[27]=0.49131
		x[28]=0.55542
		x[29]=0.622813
		x[30]=0.693657
		x[31]=0.768129
		x[32]=0.846415
		x[33]=0.928709
		x[34]=1.01522
		x[35]=1.10616
		x[36]=1.20172
	Ny=52
		y[0]=-0.892653
		y[1]=-0.799406
		y[2]=-0.710604
		y[3]=-0.626011
		y[4]=-0.545428
		y[5]=-0.468665
		y[6]=-0.39554
		y[7]=-0.325881
		y[8]=-0.259524
		y[9]=-0.196312
		y[10]=-0.136097
		y[11]=-0.0787352
		y[12]=-0.0240926
		y[13]=0.0317087
		y[14]=0.0875098
		y[15]=0.143311
		y[16]=0.199112
		y[17]=0.254913
		y[18]=0.310714
		y[19]=0.366515
		y[20]=0.422316
		y[21]=0.478117
		y[22]=0.534473
		y[23]=0.590829
		y[24]=0.647184
		y[25]=0.70354
		y[26]=0.759896
		y[27]=0.816252
		y[28]=0.872607
		y[29]=0.928963
		y[30]=0.985319
		y[31]=1.04167
		y[32]=1.09803
		y[33]=1.15439
		y[34]=1.21074
		y[35]=1.2671
		y[36]=1.32345
		y[37]=1.37981
		y[38]=1.43616
		y[39]=1.49252
		y[40]=1.54705
		y[41]=1.60429
		y[42]=1.66437
		y[43]=1.72744
		y[44]=1.79364
		y[45]=1.86313
		y[46]=1.93607
		y[47]=2.01263
		y[48]=2.09299
		y[49]=2.17735
		y[50]=2.2659
		y[51]=2.35885
		y[52]=2.45638
	Nz=35
		z[0]=-0.819956
		z[1]=-0.731156
		z[2]=-0.646596
		z[3]=-0.566054
		z[4]=-0.489339
		z[5]=-0.41627
		z[6]=-0.346672
		z[7]=-0.280381
		z[8]=-0.21724
		z[9]=-0.157099
		z[10]=-0.0998164
		z[11]=-0.0452552
		z[12]=0.00671351
		z[13]=0.0562128
		z[14]=0.10336
		z[15]=0.149837
		z[16]=0.196314
		z[17]=0.24279
		z[18]=0.289267
		z[19]=0.335744
		z[20]=0.382221
		z[21]=0.426653
		z[22]=0.473161
		z[23]=0.521841
		z[24]=0.572796
		z[25]=0.62613
		z[26]=0.681955
		z[27]=0.740388
		z[28]=0.80155
		z[29]=0.865569
		z[30]=0.932578
		z[31]=1.00272
		z[32]=1.07613
		z[33]=1.15298
		z[34]=1.23341
		z[35]=1.31758
-----------------------------------------------------------------------
Input_mesh_settings--------------------------------
Settings 0----------------
	Scope: GLOBAL
	Type:	------MESHER_SETTINGS----------
	RefAllCells           =0
	RefFluidCells         =0
	RefPartCells          =0
	RefSolidCells         =0
	l_SSFR(Capture crit)  =1
	l_curv(Curvature crit)=0
	l_tol(Tolerance crit) =0
	UseChannelRef         =1
	  NCR_method          =0
	  l_NCR               =1
	  N_gap               =5
	  Use d_NCR_min       =0
	  Use d_NCR_max       =0
	IgnoreThinChannelsHeight         =0
	--END_OF_MESHER_SETTINGS-------
End of input mesh settings-------------------------
NxNyNz = [36, 52, 35]
base_dx=0.0640798; 
NxNyNz_reverse = [38, 52, 33]

-----------------------------------------------------------------------
Refining geometries:
-----------------------------------------------------------------------

-----------------------------------------------------------------------
Refining by triangulation...
Refinement input: 65520 bricks
Setting regions...OK (0.000 s)
Refinement result: 66465 bricks (0.073 s)
Refinement input: 66465 bricks
Refinement result: 66465 bricks (0.001 s)
Collecting and processing rays...OK (0.059 s)
Capturing...OK (0.004 s)
Refining by triangulation takes 0.137 s
-----------------------------------------------------------------------

-----------------------------------------------------------------------
Refining peculiar surfaces...
0 surfaces refined
Refining peculiar surfaces takes 0 s
-----------------------------------------------------------------------
Collecting and processing rays...OK (0.001 s)
Capturing...OK (0.000 s)

-----------------------------------------------------------------------
Base mesh 1 Refining...
Collecting and processing rays...OK (0.000 s)
Capturing...OK (0.000 s)
Refinement input: 66465 bricks
Refinement result: 66465 bricks (0.000 s)
-----------------------------------------------------------------------
Refining channels...
FYI: CNarrowChannelRefiner::RefineChannels_PRLL
Refinement input: 66465 bricks
Setting regions...OK (0.000 s)
Refinement result: 67277 bricks (0.004 s)
Collecting and processing rays...OK (0.001 s)
Capturing...OK (0.000 s)
FYI: m_iteration_count = 0
FYI: level1 statistics:
     level1_cnt_plus[1]=928;		level1_cnt_minus[1]=0
     level1_cnt_plus[2]=0;		level1_cnt_minus[2]=0
     level1_cnt_plus[3]=0;		level1_cnt_minus[3]=0
     level1_cnt_plus[4]=0;		level1_cnt_minus[4]=0
     level1_cnt_plus[5]=0;		level1_cnt_minus[5]=0
     level1_cnt_plus[6]=0;		level1_cnt_minus[6]=0
     level1_cnt_plus[7]=0;		level1_cnt_minus[7]=0
     level1_cnt_plus[8]=0;		level1_cnt_minus[8]=0
     level1_cnt_plus[9]=0;		level1_cnt_minus[9]=0
FYI: m_iteration_count = 1
FYI: level1 statistics:
     level1_cnt_plus[1]=928;		level1_cnt_minus[1]=0
     level1_cnt_plus[2]=0;		level1_cnt_minus[2]=0
     level1_cnt_plus[3]=0;		level1_cnt_minus[3]=0
     level1_cnt_plus[4]=0;		level1_cnt_minus[4]=0
     level1_cnt_plus[5]=0;		level1_cnt_minus[5]=0
     level1_cnt_plus[6]=0;		level1_cnt_minus[6]=0
     level1_cnt_plus[7]=0;		level1_cnt_minus[7]=0
     level1_cnt_plus[8]=0;		level1_cnt_minus[8]=0
     level1_cnt_plus[9]=0;		level1_cnt_minus[9]=0
FYI: level1 statistics:
     level1_cnt_plus[1]=928;		level1_cnt_minus[1]=0
     level1_cnt_plus[2]=0;		level1_cnt_minus[2]=0
     level1_cnt_plus[3]=0;		level1_cnt_minus[3]=0
     level1_cnt_plus[4]=0;		level1_cnt_minus[4]=0
     level1_cnt_plus[5]=0;		level1_cnt_minus[5]=0
     level1_cnt_plus[6]=0;		level1_cnt_minus[6]=0
     level1_cnt_plus[7]=0;		level1_cnt_minus[7]=0
     level1_cnt_plus[8]=0;		level1_cnt_minus[8]=0
     level1_cnt_plus[9]=0;		level1_cnt_minus[9]=0

-----------------------------------------------------------------------
U-shapes refinement...
Refinement input: 67277 bricks
Refinement result: 67277 bricks (0.004 s)
Collecting and processing rays...OK (0.001 s)
Capturing...OK (0.000 s)
-----------------------------------------------------------------------

-----------------------------------------------------------------------
Equi Distant Refiner:
Equi Distant Refiner takes 0.00 s
-----------------------------------------------------------------------

/-Ray Intersection---------------/ Time	0.405 s
Calls			6133
CorrectRay Calls	0



-----------------------------------------------------------------------
Refining geometries takes 0.236 s
-----------------------------------------------------------------------
Defect ray count	0
FYI: CNarrowChannelRefiner::RedistributeLevel1_step_1: is finished
FYI: level1 statistics:
     level1_cnt_plus[1]=928;		level1_cnt_minus[1]=0
     level1_cnt_plus[2]=0;		level1_cnt_minus[2]=0
     level1_cnt_plus[3]=0;		level1_cnt_minus[3]=0
     level1_cnt_plus[4]=0;		level1_cnt_minus[4]=0
     level1_cnt_plus[5]=0;		level1_cnt_minus[5]=0
     level1_cnt_plus[6]=0;		level1_cnt_minus[6]=0
     level1_cnt_plus[7]=0;		level1_cnt_minus[7]=0
     level1_cnt_plus[8]=0;		level1_cnt_minus[8]=0
     level1_cnt_plus[9]=0;		level1_cnt_minus[9]=0
FYI: CNarrowChannelRefiner::RedistributeLevel1_step_2: is started
FYI: CNarrowChannelRefiner::RedistributeLevel1_step_2: is finished
FYI: level1 statistics:
     level1_cnt_plus[1]=1236;		level1_cnt_minus[1]=0
     level1_cnt_plus[2]=0;		level1_cnt_minus[2]=0
     level1_cnt_plus[3]=0;		level1_cnt_minus[3]=0
     level1_cnt_plus[4]=0;		level1_cnt_minus[4]=0
     level1_cnt_plus[5]=0;		level1_cnt_minus[5]=0
     level1_cnt_plus[6]=0;		level1_cnt_minus[6]=0
     level1_cnt_plus[7]=0;		level1_cnt_minus[7]=0
     level1_cnt_plus[8]=0;		level1_cnt_minus[8]=0
     level1_cnt_plus[9]=0;		level1_cnt_minus[9]=0
FYI: CNarrowChannelRefiner::RedistributeLevel1_step_3: is started
FYI: CNarrowChannelRefiner::RedistributeLevel1_step_3: is finished
RedistributeLevel1 takes:
FYI: level1 statistics:
     level1_cnt_plus[1]=1236;		level1_cnt_minus[1]=772
     level1_cnt_plus[2]=0;		level1_cnt_minus[2]=0
     level1_cnt_plus[3]=0;		level1_cnt_minus[3]=0
     level1_cnt_plus[4]=0;		level1_cnt_minus[4]=0
     level1_cnt_plus[5]=0;		level1_cnt_minus[5]=0
     level1_cnt_plus[6]=0;		level1_cnt_minus[6]=0
     level1_cnt_plus[7]=0;		level1_cnt_minus[7]=0
     level1_cnt_plus[8]=0;		level1_cnt_minus[8]=0
     level1_cnt_plus[9]=0;		level1_cnt_minus[9]=0
-----------------------------------------------------------------------
MSH format builder (Iteration 0)
-----------------------------------------------------------------------
Memory Working Set Current = 106.56 Mb, Memory Working Set Peak = 106.56 Mb
Process Threads Number: 18
-----------------------------------------------------------------------
Total bricks count: 67277
-----------------------------------------------------------------------
MSH (Real Geometry) format constructor:
	Geom    Count = 2
	Bodyset Count = 2
	3D task
	Getting brick sets...OK (0.001 s)

	Min x-stack xeps = 3.4485e-05
	D / dh / eps [axis=0] = (2.40345, 0.0262484, 1.1495e-05)
	D / dh / eps [axis=1] = (3.34904, 0.0279005, 1.1495e-05)
	D / dh / eps [axis=2] = (2.13753, 0.022216, 1.1495e-05)
	Time (xeps): 0.001 s
Level 1
	Set (0)  size: 1004
	Set (0)  time: 0.033 s
	Set (1)  size: 1004
	Set (1)  time: 0.020 s
Level 0
	Set (0)  size: 32634
	Set (0)  time: 0.010 s
	Set (1)  size: 32635
	Set (1)  time: 0.010 s
Result:
	Bricks number:                        67277

	Memory usage:                         1.976 MB
	Memory usage (per brick):             0.030 KB
	Construction time:                    0.076 s

	Topology features:
	------------------
	- High quality bricks                  100.00 % (67274)
	- Medium quality bricks                  0.00 % (3)
	- Bad quality bricks                     0.00 % (0)
	- Type-1 bricks                          1.68 % (1133)
	- Ribs corrected bricks                  0.00 % (0)
	- Points with geom-info (bricks)         0.01 % (6)
	- Points with closest-info (bricks)      0.04 % (28)
	- Triangulated by center (bricks)        0.01 % (8)
	- Facet w-faces mergings (bricks)        0.00 % (0)
	- To refine (bricks)                     0.00 % (0)
	- Points-count                           0.00 % (0)
	- T-self-intersection-all (bricks)       0.00 % (0)
	- T-self-intersection-simple (bricks)    0.00 % (0)
	- T-self-intersection-complex (bricks)   0.00 % (0)

-----------------------------------------------------------------------
Memory Working Set Current = 123.94 Mb, Memory Working Set Peak = 123.94 Mb
Process Threads Number: 18
-----------------------------------------------------------------------
-----------------------------------------------------------------------
msh-iterations: 1
-----------------------------------------------------------------------
high---q-brick-count = 100.00 % (67277 67274)
medium-q-brick-count =   0.00 % (67277 3)
bad----q-brick-count =   0.00 % (67277 0)
-----------------------------------------------------------------------
Free brick parser storage...OK(0.002 s)
-----------------------------------------------------------------------
Memory Working Set Current = 123.97 Mb, Memory Working Set Peak = 124.45 Mb
Process Threads Number: 18
-----------------------------------------------------------------------
-----------------------------------------------------------------------
MSH --> BCF format (Iteration 0)...
BCF collector...(remove mode=0)
	Time (alloc counter per brick): 0.001 s
	Brick    count: 67277
	Av.f all count: 68234
	Av.s all count: 1197
	Av.f pid count: 2090
	Av.s pid count: 1197
	Faces fs count: 7851
	Faces ff count: 0
	Faces ss count: 0
	Faces bb count: 0
	Faces fe count: 9904
	Faces se count: 0
	Faces fw count: 17755
	Faces af count: 200041
	Faces as count: 2392
	Time (all count): 	0.004 s
	Time (bcf alloc): 	0.001 s
	Time (shifts alloc): 	0.002 s
	Time (shifts init): 	0.002 s
	Time (bcf fill): 	0.010 s
	Time (add av to faces): 0.001 s
	Time (add faces to av): 0.005 s
Time (bcf collect): 		0.028 s
	AV checker...
	Time (check av): 	0.014 s
	Subdomain checker...
		Subdomains construction time: 0.011 s.
		Subdomains sort time: 0.000 s.
			Subdomain 0 (geom_ind=0): 68234 av
			Subdomain 1 (geom_ind=1): 1197 av
		gi: 0, subdomains: 1, real bodies: 1
		gi: 1, subdomains: 1, real bodies: 0
		Defect subdomains: 0
	Time (check subdoms): 	0.012 s
Time (bcf iteration total): 	0.055 s
	Time (fw-nb): 		0.001 s
	Fixed mutual fw-nb:     6766 (bb: 0)
	Time (fw-nb mutual): 	0.002 s
	Time (fw-nb sort): 	0.000 s
	Fw-opt BEFORE total:    17755 (fs=7851, ff=0, ss=0)
	Fw-opt AFTER  total:    14951 (fs=5047, ff=0, ss=0, failed fw/br=0/0, big_curv=12, big_poly=2)
	Fw-opt RESULT:          2804 (res/(fs+ff+ss) = 35.72 %)
	Time (fw-opt): 		0.002 s
	Time (fw-re-order): 	0.001 s
	Time (fw-nb): 		0.008 s
	Fixed mutual fw-nb:     30260 (bb: 0)
	Time (fw-nb mutual): 	0.002 s
	Time (fw-nb sort): 	0.000 s
	Time (rfd fix): 	0.000 s
	Time (av convexity): 	0.001 s
	Time (av small volume): 0.000 s
	Time (diagonal fw-nb): 	0.013 s
	Fixed mutual fw-nb:     0 (bb: 0)
	Time (fw-nb mutual): 	0.001 s
	Time (fw-nb sort): 	0.000 s
	Fluid subdomains: 1
	Faces fw-nb diff sd:    0
	Time (fw-nb diff sd): 	0.012 s
Time (bcf calc): 		0.049 s
-----------------------------------------------------------------------
Time (bcf total): 		0.104 s
-----------------------------------------------------------------------
-----------------------------------------------------------------------
Mega-cv constructor for fluid...
	 10 av's is treated as thin
Relative size generator (threshold = 0.05)...
	Iteration 1 (small cluster count = 161)
	Iteration 2 (small cluster count = 82)
	Iteration 3 (small cluster count = 33)
	Iteration 4 (small cluster count = 15)
	Iteration 5 (small cluster count = 9)
	Iteration 6 (small cluster count = 7)
	Iteration 7 (small cluster count = 5)
	Iteration 8 (small cluster count = 4)
	Iteration 9 (small cluster count = 3)
	Iteration 10 (small cluster count = 2)
	Iteration 11 (small cluster count = 1)
	Iteration 12 (small cluster count = 0)
	 145 mega-cv's generated
	 8 mega-cv's removed
Relative size generator is completed OK (0.004 s)
Apply fa-rules to mega-cv clusters fixes...
	Fa-rule violation fixes:        4 of        4 (total cluster# =      138)
OK (0.001 s)
There are 6 clusters with nbrs connected in more than one axis
Convert clusters:
	 137 mega-cv's total
Mega-cv count: 137
Time (mega-cv fill): 	0.000 s
Time (mega-cv total): 	0.025 s
-----------------------------------------------------------------------
Mixing plane rotation regions: NO.
Sliding mesh rotation regions: NO.
Fluid/fluid faces: NO.
-----------------------------------------------------------------------
Memory Working Set Current = 140.12 Mb, Memory Working Set Peak = 151.22 Mb
Process Threads Number: 18
-----------------------------------------------------------------------
----------------------------------------------------------
BCF --> BCF.GEOMSUBDOM (bridge arrays):
MESH (0):
	Fluid Subdom Constructor: 1 subdom(s).
	Solid Subdom Constructor: 1 subdom(s).
	Net Asm Subdom Constructor: 0 subdom(s).
	GEOMSUBDOM (0): gi=0 fluid av=68234 cv=68055 fa=200041 fb=0 fw=14951 V=1.720511e+01
	Cache data...OK
	GEOMSUBDOM (1): gi=1 solid av=1197 cv=1197 fa=2392 fb=0 fw=5047 V=3.921846e-04
	Cache data...OK
	Setting nb of w-faces...OK (0.004 s).
	Correcting nb of w-faces...
	Time(correct_fw_nb)=0.003 s

MESH (0) checking:
	GEOMSUBDOM (0):fa_s=788.2101137019077441 fb_s=0.0000000000000000 fw_s=42.1985590629634117 fw_nb=121354
	              :d_const(30439)=2.08371e-12 d_linear(30439)=1.19935e-11
	GEOMSUBDOM (1):fa_s=0.0405110770618350 fb_s=0.0000000000000000 fw_s=1.5078403315476367 fw_nb=42146
	              :d_const(243)=8.07611e-11 d_linear(260)=2.64428e-10
MESH (0) checking: OK.
Time (MDS): 	0.112 s
----------------------------------------------------------
-----------------------------------------------------------------------
Memory Working Set Current = 176.31 Mb, Memory Working Set Peak = 176.31 Mb
Process Threads Number: 18
-----------------------------------------------------------------------

-----------------------------------------------------------------------
BCF CHECKSUM DATA (Mesh 0):

BRICK |Level1| Sum:               2008
FACE_A Area Sum:   G.Fluid        788.2101137019078578
FACE_A Area Sum:   G.Solid        0.0405110770618350
FACE_W Area Sum:                  42.1985590629634117
FACE_W Nb   Sum:                  121354
FACE_W min curvatures sum:        -892994.80417181
FACE_W max curvatures sum:        2403282.66052658
AV Max Disbalance(Const) :        8.07611e-11 (cid=33070, t={30, 26, 34}, avid=68652, pid=418)
AV Max Disbalance(Linear):        2.64428e-10 (cid=30944, t={30, 28, 33}, avid=68520, pid=286)
-----------------------------------------------------------------------


-----------------------------------------------------------------------
MESHER TOPOLOGY DATA:

BRICKS: Total                 67277
BRICKS: Max AV number         5
AV:     G.Total               69431
AV:     G.Fluid               68234
AV:     G.Solid               1197

AV:     G.Fluid Thin Profile    0.08 % (54)
AV:     G.Solid Thin Profile   79.78 % (955)

AV:     G.Fluid Thin For Mega   0.01 % (10)
AV:     G.Solid Thin For Mega  65.83 % (788)

AV:     G.Fluid Non-Convex      1.65 % (1127)
AV:     G.Solid Non-Convex     62.16 % (744)

AV:     G.Fluid Non-Ess-Convex      1.37 % (935)
AV:     G.Solid Non-Ess-Convex     57.48 % (688)

FACE_A: G.Fluid          (af) 200041 (partially opened 4392)
FACE_A: G.Solid          (as) 2392 (partially opened 2392)

FACE_B: G.Total          (b)  0

FACE_W: G.Total                 14951       Brick/Bound
FACE_W: G.Fluid/Solid    (fs_g) 5047        0           
FACE_W: G.Fluid/Fluid    (ff_g) 0           0           
FACE_W: G.Solid/Solid    (ss_g) 0           0           
FACE_W: G.Fluid/External (fe_g) 9904
FACE_W: G.Solid/External (se_g) 0

AV/CV max fa count (on brick side):5
AV/CV max fw count:                5
AV/CV max fb count:                0
AV/CV max fw poly count:           42

MEMORY: Total                   20.514 MB
MEMORY: Per Brick               0.312 KB
-----------------------------------------------------------------------

-----------------------------------------------------------------------
Connectivities information:
	Number of conns: 0
-----------------------------------------------------------------------
	Time (gap size): 	0.052 s
-----------------------------------------------------------------------
Calculating curvature and tolerance criteria...
Curvature: min=0 max=3.14159
Tolerance: min=0 max=0.0285854
Calculating curvature and tolerance criteria takes 0.082 s
-----------------------------------------------------------------------
MESH Build(FS) finished. Time=0.829 s
-----------------------------------------------------------------------
Current CPU = 1 sec

Nx=36
Ny=52
Nz=35
Max BRICK Level=1
Mesh Level=1
-----------------CModelBodies2MeshMapper::CollectData started -------------------------------
-----------------CModelBodies2MeshMapper Report -------------------------------
FluidDomains 1 SolidDomains 1 VoidDomains 0 
Domains RefIndexes
Domain 0, Index count 318
Domain 1, Index count 318
----------------- -------------------------------
	ModelBodies
Total resolved Bodies 0 BodySets 0

--------------------------------------------------------------------------
	Positive geometry Bodies
Total resolved Bodies 1 BodySets 1
BodySet 0
	Bodies list:
			#0	Name: ;	ID: 988ad98e-d053-4e59-9fdb-054f37d45c47
	Domains list:		 0 

--------------------------------------------------------------------------
	Fluid regions
Total resolved Bodies 1 BodySets 1
BodySet 0	Material: Luft; 
	Bodies list:
			#0	Name: ;	ID: 988ad98e-d053-4e59-9fdb-054f37d45c47
	Domains list:		 0 

--------------------------------------------------------------------------
-----------------CModelBodies2MeshMapper::CollectData finished successfully-------------------
Saving initial mesh in: C:\Users\phili\Documents\GitHub\RC-Car\FLOEFD\1\1.fld .
Storing results...
Estimated CPT size=7.861 MB.
	Time (write bcf): 0.224 s
OK
-----------------------------------------------------------------------
Memory Working Set Current = 179.29 Mb, Memory Working Set Peak = 179.29 Mb
Process Threads Number: 18
-----------------------------------------------------------------------
Cleaning memory...
		Time (free xsl):                    	0.000 s
Free Geometry DB takes 0.000 s
	Time (free bcf): 	0.009 s
		Time (free bcf mesh):               	0.026 s
	Time (free mesher data):              	0.035 s
Copying... OK
Mesh generation normally finished at	8.1.2023	20:3:5
Mesher CPU = 2 sec
Mesher is finished at	8.1.2023	20:3:5
-----------------------------------------------------------------------
Memory Working Set Current = 72.00 Mb, Memory Working Set Peak = 179.79 Mb
Process Threads Number: 18
-----------------------------------------------------------------------
Algebra Pool      : mem_usage = 2.06 Mb, allocated count = 0
Log ended at 08.01.2023	20:03:05
