STEP in Solid Edge konvertieren
Datum: Mittwoch,Dezember 14,2022 02:39PM
Quelldatei: C:\Users\Felix\Documents\GitHub\RC-Car\Electronics\LattePanda_Shield\Lattepanda_Shield.step
Autor: Unbekannt
Organisation: Unbekannt
Ausgangssystem: Autodesk Translation Framework v11.17.0.187

Hardware:
Prozessor: AMD Ryzen 7 5800H with Radeon Graphics         
Betriebssystem: Windows 10 Professional
Installierter Speicher: 15.85 GB

Software-Informationen
Parasolid-Version: 32.1.222
PSBodyShop-Version: 32.1.94
Step-Adapterversion: 5.0.107
Solid Edge-Version: 221.00.03.003 x64

Step-Importoptionen
Facettierte Körper importieren: Ein
Prüfkörper importieren: Aus
Kurven importieren: Ein
DoNotSave importieren: Ein
Mehrere Körper als Einzelteildatei importieren: Ein
Flächenvernähung importieren: Ein
Boolesche Körper importieren: Ein
Basisformelement erstellen: Ein
Geometrie vereinfachen: Ein
Druckkurven importieren: Ein
Führung importieren: C:
Flächenvernähung importieren: Ein
Flächen importieren: Ein
Ausgabepfad importieren: C:\Users\Felix\Documents\GitHub\RC-Car\Electronics\LattePanda_Shield
Aktivieren des standardmäßigen Ausgabepfads importieren: Ein
PMI importieren: Aus
Als interne Komponenten importieren: Aus
Pfad importieren: 

Übersetzen in Parasolid-Datentypen...
+Baugruppe 1 beginnen
+SE Assembly-Datei C:\Users\Felix\Documents\GitHub\RC-Car\Electronics\LattePanda_Shield\Lattepanda_Shield.asm wurde erstellt
|--+SE Part-Datei C:\Users\Felix\Documents\GitHub\RC-Car\Electronics\LattePanda_Shield\Board.par wurde erstellt
|--+Baugruppe 2 beginnen
|--+SE Assembly-Datei C:\Users\Felix\Documents\GitHub\RC-Car\Electronics\LattePanda_Shield\Packages.asm wurde erstellt
Körper: 0
|  |--+SE Part-Datei C:\Users\Felix\Documents\GitHub\RC-Car\Electronics\LattePanda_Shield\ESP32_GRBL.par wurde erstellt
Körper: 0
|  |--+Baugruppe 3 beginnen
|  |--+SE Assembly-Datei C:\Users\Felix\Documents\GitHub\RC-Car\Electronics\LattePanda_Shield\LEDC3216X75N_FLAT-R.asm wurde erstellt
|  |  |--+SE Part-Datei C:\Users\Felix\Documents\GitHub\RC-Car\Electronics\LattePanda_Shield\Model.par wurde erstellt
|  |--+Gesamtzahl der Teile: 10
|  |--+Baugruppen: 0
|  |--+Volumenkörper: 10
|  |--+Flächenkörper: 0
|  |--+Baugruppe 3 beenden
|  |--+SE Part-Datei C:\Users\Felix\Documents\GitHub\RC-Car\Electronics\LattePanda_Shield\RESC3216X70.par wurde erstellt
Körper: 0
|  |--+SE Part-Datei C:\Users\Felix\Documents\GitHub\RC-Car\Electronics\LattePanda_Shield\B6B-XH.par wurde erstellt
Körper: 0
Körper: 0
|  |--+SE Part-Datei C:\Users\Felix\Documents\GitHub\RC-Car\Electronics\LattePanda_Shield\LATTEPANDA3DELTASHIELD.par wurde erstellt
Körper: 0
Körper: 0
|  |--+SE Part-Datei C:\Users\Felix\Documents\GitHub\RC-Car\Electronics\LattePanda_Shield\MPX_FEMALE.par wurde erstellt
Körper: 0
Körper: 0
|  |--+Datei C:\Users\Felix\Documents\GitHub\RC-Car\Electronics\LattePanda_Shield\B6B-XH.par wird wiederholt verwendet
Körper: 0
|  |--+Datei C:\Users\Felix\Documents\GitHub\RC-Car\Electronics\LattePanda_Shield\B6B-XH.par wird wiederholt verwendet
Körper: 0
|  |--+Datei C:\Users\Felix\Documents\GitHub\RC-Car\Electronics\LattePanda_Shield\B6B-XH.par wird wiederholt verwendet
|  |--+SE Part-Datei C:\Users\Felix\Documents\GitHub\RC-Car\Electronics\LattePanda_Shield\DIL14.par wurde erstellt
|  |--+SE Part-Datei C:\Users\Felix\Documents\GitHub\RC-Car\Electronics\LattePanda_Shield\XTALRR488W43L1150T466H350B.par wurde erstellt
Körper: 0
|  |--+SE Part-Datei C:\Users\Felix\Documents\GitHub\RC-Car\Electronics\LattePanda_Shield\QFP80P900X900X160-32N.par wurde erstellt
Körper: 0
Körper: 0
|  |--+SE Part-Datei C:\Users\Felix\Documents\GitHub\RC-Car\Electronics\LattePanda_Shield\SOIC127P600X175-16N.par wurde erstellt
Körper: 0
Körper: 0
|  |--+SE Part-Datei C:\Users\Felix\Documents\GitHub\RC-Car\Electronics\LattePanda_Shield\JST-XH-04-PACKAGE-ROUND-PAD.par wurde erstellt
Körper: 0
|  |--+SE Part-Datei C:\Users\Felix\Documents\GitHub\RC-Car\Electronics\LattePanda_Shield\CAPC1608X85.par wurde erstellt
|  |--+Datei C:\Users\Felix\Documents\GitHub\RC-Car\Electronics\LattePanda_Shield\CAPC1608X85.par wird wiederholt verwendet
|  |--+Datei C:\Users\Felix\Documents\GitHub\RC-Car\Electronics\LattePanda_Shield\CAPC1608X85.par wird wiederholt verwendet
|  |--+Datei C:\Users\Felix\Documents\GitHub\RC-Car\Electronics\LattePanda_Shield\CAPC1608X85.par wird wiederholt verwendet
|  |--+Datei C:\Users\Felix\Documents\GitHub\RC-Car\Electronics\LattePanda_Shield\CAPC1608X85.par wird wiederholt verwendet
|  |--+Datei C:\Users\Felix\Documents\GitHub\RC-Car\Electronics\LattePanda_Shield\CAPC1608X85.par wird wiederholt verwendet
|  |--+Datei C:\Users\Felix\Documents\GitHub\RC-Car\Electronics\LattePanda_Shield\CAPC1608X85.par wird wiederholt verwendet
|  |--+Datei C:\Users\Felix\Documents\GitHub\RC-Car\Electronics\LattePanda_Shield\CAPC1608X85.par wird wiederholt verwendet
|  |--+Datei C:\Users\Felix\Documents\GitHub\RC-Car\Electronics\LattePanda_Shield\CAPC1608X85.par wird wiederholt verwendet
|  |--+Datei C:\Users\Felix\Documents\GitHub\RC-Car\Electronics\LattePanda_Shield\CAPC1608X85.par wird wiederholt verwendet
|  |--+Datei C:\Users\Felix\Documents\GitHub\RC-Car\Electronics\LattePanda_Shield\CAPC1608X85.par wird wiederholt verwendet
|  |--+SE Part-Datei C:\Users\Felix\Documents\GitHub\RC-Car\Electronics\LattePanda_Shield\1X03.par wurde erstellt
|  |--+Datei C:\Users\Felix\Documents\GitHub\RC-Car\Electronics\LattePanda_Shield\1X03.par wird wiederholt verwendet
|  |--+Datei C:\Users\Felix\Documents\GitHub\RC-Car\Electronics\LattePanda_Shield\1X03.par wird wiederholt verwendet
|  |--+Datei C:\Users\Felix\Documents\GitHub\RC-Car\Electronics\LattePanda_Shield\1X03.par wird wiederholt verwendet
|  |--+SE Part-Datei C:\Users\Felix\Documents\GitHub\RC-Car\Electronics\LattePanda_Shield\DIOM5226X290N.par wurde erstellt
|  |--+Datei C:\Users\Felix\Documents\GitHub\RC-Car\Electronics\LattePanda_Shield\DIOM5226X290N.par wird wiederholt verwendet
|  |--+Datei C:\Users\Felix\Documents\GitHub\RC-Car\Electronics\LattePanda_Shield\DIOM5226X290N.par wird wiederholt verwendet
|  |--+Datei C:\Users\Felix\Documents\GitHub\RC-Car\Electronics\LattePanda_Shield\DIOM5226X290N.par wird wiederholt verwendet
|  |--+Baugruppe 3 beginnen
|  |--+SE Assembly-Datei C:\Users\Felix\Documents\GitHub\RC-Car\Electronics\LattePanda_Shield\DIP762W60P254L712H480Q6B.asm wurde erstellt
|  |  |--+SE Part-Datei C:\Users\Felix\Documents\GitHub\RC-Car\Electronics\LattePanda_Shield\Model (1).par wurde erstellt
|  |--+Gesamtzahl der Teile: 58
|  |--+Baugruppen: 0
|  |--+Volumenkörper: 58
|  |--+Flächenkörper: 0
|  |--+Baugruppe 3 beenden
|  |--+Baugruppe 3 beginnen
|  |--+Datei C:\Users\Felix\Documents\GitHub\RC-Car\Electronics\LattePanda_Shield\DIP762W60P254L712H480Q6B.asm wird wiederholt verwendet
|  |--+Gesamtzahl der Teile: 0
|  |--+Baugruppen: 0
|  |--+Volumenkörper: 0
|  |--+Flächenkörper: 0
|  |--+Baugruppe 3 beenden
|  |--+Baugruppe 3 beginnen
|  |--+Datei C:\Users\Felix\Documents\GitHub\RC-Car\Electronics\LattePanda_Shield\DIP762W60P254L712H480Q6B.asm wird wiederholt verwendet
|  |--+Gesamtzahl der Teile: 0
|  |--+Baugruppen: 0
|  |--+Volumenkörper: 0
|  |--+Flächenkörper: 0
|  |--+Baugruppe 3 beenden
|  |--+Baugruppe 3 beginnen
|  |--+Datei C:\Users\Felix\Documents\GitHub\RC-Car\Electronics\LattePanda_Shield\DIP762W60P254L712H480Q6B.asm wird wiederholt verwendet
|  |--+Gesamtzahl der Teile: 0
|  |--+Baugruppen: 0
|  |--+Volumenkörper: 0
|  |--+Flächenkörper: 0
|  |--+Baugruppe 3 beenden
|  |--+SE Part-Datei C:\Users\Felix\Documents\GitHub\RC-Car\Electronics\LattePanda_Shield\RESC1608X60.par wurde erstellt
|  |--+Datei C:\Users\Felix\Documents\GitHub\RC-Car\Electronics\LattePanda_Shield\RESC1608X60.par wird wiederholt verwendet
|  |--+Datei C:\Users\Felix\Documents\GitHub\RC-Car\Electronics\LattePanda_Shield\RESC1608X60.par wird wiederholt verwendet
|  |--+Datei C:\Users\Felix\Documents\GitHub\RC-Car\Electronics\LattePanda_Shield\RESC1608X60.par wird wiederholt verwendet
|  |--+Datei C:\Users\Felix\Documents\GitHub\RC-Car\Electronics\LattePanda_Shield\RESC1608X60.par wird wiederholt verwendet
|  |--+Datei C:\Users\Felix\Documents\GitHub\RC-Car\Electronics\LattePanda_Shield\RESC1608X60.par wird wiederholt verwendet
|  |--+SE Part-Datei C:\Users\Felix\Documents\GitHub\RC-Car\Electronics\LattePanda_Shield\RESC2012X65.par wurde erstellt
|  |--+Datei C:\Users\Felix\Documents\GitHub\RC-Car\Electronics\LattePanda_Shield\RESC2012X65.par wird wiederholt verwendet
|  |--+Datei C:\Users\Felix\Documents\GitHub\RC-Car\Electronics\LattePanda_Shield\RESC2012X65.par wird wiederholt verwendet
|  |--+Datei C:\Users\Felix\Documents\GitHub\RC-Car\Electronics\LattePanda_Shield\RESC2012X65.par wird wiederholt verwendet
Körper: 0
|  |--+SE Part-Datei C:\Users\Felix\Documents\GitHub\RC-Car\Electronics\LattePanda_Shield\CAPPM7343X430N.par wurde erstellt
Körper: 0
Körper: 0
|  |--+Datei C:\Users\Felix\Documents\GitHub\RC-Car\Electronics\LattePanda_Shield\CAPPM7343X430N.par wird wiederholt verwendet
Körper: 0
|  |--+SE Part-Datei C:\Users\Felix\Documents\GitHub\RC-Car\Electronics\LattePanda_Shield\DIP794W53P254L959H508Q8N.par wurde erstellt
Körper: 0
Körper: 0
|  |--+Datei C:\Users\Felix\Documents\GitHub\RC-Car\Electronics\LattePanda_Shield\DIP794W53P254L959H508Q8N.par wird wiederholt verwendet
Körper: 0
|  |--+Datei C:\Users\Felix\Documents\GitHub\RC-Car\Electronics\LattePanda_Shield\DIP794W53P254L959H508Q8N.par wird wiederholt verwendet
Körper: 0
|  |--+SE Part-Datei C:\Users\Felix\Documents\GitHub\RC-Car\Electronics\LattePanda_Shield\B3B-XH.par wurde erstellt
Körper: 0
Körper: 0
|  |--+Datei C:\Users\Felix\Documents\GitHub\RC-Car\Electronics\LattePanda_Shield\B3B-XH.par wird wiederholt verwendet
Körper: 0
|  |--+Datei C:\Users\Felix\Documents\GitHub\RC-Car\Electronics\LattePanda_Shield\B3B-XH.par wird wiederholt verwendet
Körper: 0
|  |--+Datei C:\Users\Felix\Documents\GitHub\RC-Car\Electronics\LattePanda_Shield\B3B-XH.par wird wiederholt verwendet
Körper: 0
|  |--+Datei C:\Users\Felix\Documents\GitHub\RC-Car\Electronics\LattePanda_Shield\B3B-XH.par wird wiederholt verwendet
Körper: 0
|  |--+Datei C:\Users\Felix\Documents\GitHub\RC-Car\Electronics\LattePanda_Shield\B3B-XH.par wird wiederholt verwendet
Körper: 0
|  |--+Datei C:\Users\Felix\Documents\GitHub\RC-Car\Electronics\LattePanda_Shield\B3B-XH.par wird wiederholt verwendet
Körper: 0
|  |--+Datei C:\Users\Felix\Documents\GitHub\RC-Car\Electronics\LattePanda_Shield\B3B-XH.par wird wiederholt verwendet
Körper: 0
|  |--+SE Part-Datei C:\Users\Felix\Documents\GitHub\RC-Car\Electronics\LattePanda_Shield\B4B-XH.par wurde erstellt
Körper: 0
Körper: 0
|  |--+Datei C:\Users\Felix\Documents\GitHub\RC-Car\Electronics\LattePanda_Shield\B4B-XH.par wird wiederholt verwendet
Körper: 0
|  |--+Datei C:\Users\Felix\Documents\GitHub\RC-Car\Electronics\LattePanda_Shield\B4B-XH.par wird wiederholt verwendet
Körper: 0
|  |--+Datei C:\Users\Felix\Documents\GitHub\RC-Car\Electronics\LattePanda_Shield\B4B-XH.par wird wiederholt verwendet
Körper: 0
|  |--+SE Part-Datei C:\Users\Felix\Documents\GitHub\RC-Car\Electronics\LattePanda_Shield\JP2.par wurde erstellt
Körper: 0
Körper: 0
|  |--+Datei C:\Users\Felix\Documents\GitHub\RC-Car\Electronics\LattePanda_Shield\JP2.par wird wiederholt verwendet
|--+Gesamtzahl der Teile: 42
|--+Baugruppen: 2
|--+Volumenkörper: 40
|--+Flächenkörper: 0
|--+Baugruppe 2 beenden
|--+SE Part-Datei C:\Users\Felix\Documents\GitHub\RC-Car\Electronics\LattePanda_Shield\1-copper.par wurde erstellt
|--+SE Part-Datei C:\Users\Felix\Documents\GitHub\RC-Car\Electronics\LattePanda_Shield\16-copper.par wurde erstellt
|--+SE Part-Datei C:\Users\Felix\Documents\GitHub\RC-Car\Electronics\LattePanda_Shield\1-soldermask.par wurde erstellt
|--+SE Part-Datei C:\Users\Felix\Documents\GitHub\RC-Car\Electronics\LattePanda_Shield\16-soldermask.par wurde erstellt
+Gesamtzahl der Teile: 2 873
+Baugruppen: 1
+Volumenkörper: 2 872
+Flächenkörper: 0
+Baugruppe 1 beenden
Konvertierungsvorgang ist abgeschlossen
Zur Übersetzung und Nachbearbeitung erforderte Gesamtzeit:00 : 03 : 18
